<?xml version="1.0" encoding="UTF-8"?>
<!-- Generated by org.testng.reporters.JUnitReportReporter -->
<testsuite hostname="DESKTOP-3EEUE6J" failures="0" tests="3" name="Maventest.loginadmin" time="12.248" errors="0" timestamp="04 Jan 2022 18:04:28 GMT" skipped="0">
  <testcase classname="Maventest.loginadmin" name="login" time="5.938"/>
  <testcase classname="Maventest.loginadmin" name="redirect" time="4.994"/>
  <testcase classname="Maventest.loginadmin" name="adminlog" time="1.316"/>
</testsuite> <!-- Maventest.loginadmin -->
