<?xml version="1.0" encoding="UTF-8"?>
<!-- Generated by org.testng.reporters.JUnitReportReporter -->
<testsuite hostname="DESKTOP-3EEUE6J" failures="0" tests="1" name="Maventest.Sample1" time="7.913" errors="0" timestamp="04 Jan 2022 18:56:30 GMT" skipped="0">
  <testcase classname="Maventest.Sample1" name="verify1" time="7.913"/>
</testsuite> <!-- Maventest.Sample1 -->
