<?xml version="1.0" encoding="UTF-8"?>
<!-- Generated by org.testng.reporters.JUnitReportReporter -->
<testsuite hostname="DESKTOP-3EEUE6J" failures="0" tests="1" name="Maventest.LoginLogoutjunit" time="23.181" errors="0" timestamp="05 Jan 2022 20:08:17 GMT" skipped="0">
  <testcase classname="Maventest.LoginLogoutjunit" name="test" time="23.181"/>
</testsuite> <!-- Maventest.LoginLogoutjunit -->
