<?xml version="1.0" encoding="UTF-8"?>
<!-- Generated by org.testng.reporters.JUnitReportReporter -->
<testsuite hostname="DESKTOP-3EEUE6J" failures="0" tests="3" name="Maventest.loginadmin" time="11.722" errors="0" timestamp="05 Jan 2022 20:08:17 GMT" skipped="0">
  <testcase classname="Maventest.loginadmin" name="login" time="5.304"/>
  <testcase classname="Maventest.loginadmin" name="redirect" time="4.797"/>
  <testcase classname="Maventest.loginadmin" name="adminlog" time="1.621"/>
</testsuite> <!-- Maventest.loginadmin -->
